<?xml version="1.0" encoding="UTF-8"?>
<!-- Generated by org.testng.reporters.JUnitReportReporter -->
<testsuite hostname="Alex-PC" failures="0" tests="1" name="com.itfactory.Exercitiul1_tema11_impartireTest" time="0.009" errors="0" timestamp="2023-05-07T13:33:08 EEST" skipped="0">
  <testcase classname="com.itfactory.Exercitiul1_tema11_impartireTest" name="testCalculImpartire" time="0.009"/>
  <system-out/>
</testsuite> <!-- com.itfactory.Exercitiul1_tema11_impartireTest -->
