<?xml version="1.0" encoding="UTF-8"?>
<!-- Generated by org.testng.reporters.JUnitReportReporter -->
<testsuite hostname="Alex-PC" failures="0" tests="1" name="com.itfactory.Exercitiul1_tema11_moduloTest" time="0.001" errors="0" timestamp="2023-05-07T13:33:08 EEST" skipped="0">
  <testcase classname="com.itfactory.Exercitiul1_tema11_moduloTest" name="testCalculeazaModulo" time="0.001"/>
  <system-out/>
</testsuite> <!-- com.itfactory.Exercitiul1_tema11_moduloTest -->
