<?xml version="1.0" encoding="UTF-8"?>
<!-- Generated by org.testng.reporters.JUnitReportReporter -->
<testsuite hostname="Alex-PC" failures="0" tests="1" name="com.itfactory.Exercitiul1_tema11_adunareTest" time="0.010" errors="0" timestamp="2023-05-07T13:33:08 EEST" skipped="0">
  <testcase classname="com.itfactory.Exercitiul1_tema11_adunareTest" name="testCalculeazaSuma" time="0.010"/>
  <system-out/>
</testsuite> <!-- com.itfactory.Exercitiul1_tema11_adunareTest -->
