<?xml version="1.0" encoding="UTF-8"?>
<!-- Generated by org.testng.reporters.JUnitReportReporter -->
<testsuite hostname="Alex-PC" failures="0" tests="1" name="com.itfactory.Exercitiul1_tema11_scadereTest" time="0.004" errors="0" timestamp="2023-05-07T13:33:08 EEST" skipped="0">
  <testcase classname="com.itfactory.Exercitiul1_tema11_scadereTest" name="testCalculeazaScadere" time="0.004"/>
  <system-out/>
</testsuite> <!-- com.itfactory.Exercitiul1_tema11_scadereTest -->
