<?xml version="1.0" encoding="UTF-8"?>
<!-- Generated by org.testng.reporters.JUnitReportReporter -->
<testsuite hostname="Alex-PC" failures="0" tests="4" name="com.itfactory.BasketTest" time="0.014" errors="0" timestamp="2023-05-13T08:11:36 EEST" skipped="0">
  <testcase classname="com.itfactory.BasketTest" name="testVerificaCalculSeparatProduse" time="0.001"/>
  <system-out/>
  <testcase classname="com.itfactory.BasketTest" name="testVerificaProduseSeparate" time="0.000"/>
  <system-out/>
  <testcase classname="com.itfactory.BasketTest" name="testVerificaCalculTotal" time="0.000"/>
  <system-out/>
  <testcase classname="com.itfactory.BasketTest" name="testAdaugaProdus" time="0.013"/>
  <system-out/>
</testsuite> <!-- com.itfactory.BasketTest -->
